<?xml version="1.0" encoding="UTF-8"?>
<coverage generated="1739613450253" clover="3.2.0">
  <project timestamp="1739613450253" name="All files">
    <metrics statements="32" coveredstatements="32" conditionals="7" coveredconditionals="7" methods="14" coveredmethods="14" elements="53" coveredelements="53" complexity="0" loc="32" ncloc="32" packages="2" files="7" classes="7"/>
    <package name="components">
      <metrics statements="29" coveredstatements="29" conditionals="7" coveredconditionals="7" methods="12" coveredmethods="12"/>
      <file name="AdminMenu.js" path="/Users/linuschan/Desktop/CS4218/cs4218-2420-ecom-project-team04-1/client/src/components/AdminMenu.js">
        <metrics statements="2" coveredstatements="2" conditionals="0" coveredconditionals="0" methods="1" coveredmethods="1"/>
        <line num="3" count="1" type="stmt"/>
        <line num="4" count="3" type="stmt"/>
      </file>
      <file name="Footer.js" path="/Users/linuschan/Desktop/CS4218/cs4218-2420-ecom-project-team04-1/client/src/components/Footer.js">
        <metrics statements="2" coveredstatements="2" conditionals="0" coveredconditionals="0" methods="1" coveredmethods="1"/>
        <line num="4" count="1" type="stmt"/>
        <line num="5" count="3" type="stmt"/>
      </file>
      <file name="Header.js" path="/Users/linuschan/Desktop/CS4218/cs4218-2420-ecom-project-team04-1/client/src/components/Header.js">
        <metrics statements="10" coveredstatements="10" conditionals="4" coveredconditionals="4" methods="3" coveredmethods="3"/>
        <line num="10" count="1" type="stmt"/>
        <line num="11" count="10" type="stmt"/>
        <line num="12" count="10" type="stmt"/>
        <line num="13" count="10" type="stmt"/>
        <line num="14" count="10" type="stmt"/>
        <line num="15" count="1" type="stmt"/>
        <line num="20" count="1" type="stmt"/>
        <line num="21" count="1" type="stmt"/>
        <line num="23" count="10" type="stmt"/>
        <line num="64" count="10" type="stmt"/>
      </file>
      <file name="Layout.js" path="/Users/linuschan/Desktop/CS4218/cs4218-2420-ecom-project-team04-1/client/src/components/Layout.js">
        <metrics statements="3" coveredstatements="3" conditionals="0" coveredconditionals="0" methods="1" coveredmethods="1"/>
        <line num="8" count="1" type="stmt"/>
        <line num="9" count="3" type="stmt"/>
        <line num="28" count="1" type="stmt"/>
      </file>
      <file name="Spinner.js" path="/Users/linuschan/Desktop/CS4218/cs4218-2420-ecom-project-team04-1/client/src/components/Spinner.js">
        <metrics statements="10" coveredstatements="10" conditionals="3" coveredconditionals="3" methods="5" coveredmethods="5"/>
        <line num="3" count="1" type="cond" truecount="1" falsecount="0"/>
        <line num="4" count="8" type="stmt"/>
        <line num="5" count="8" type="stmt"/>
        <line num="6" count="8" type="stmt"/>
        <line num="8" count="8" type="stmt"/>
        <line num="9" count="8" type="stmt"/>
        <line num="10" count="5" type="stmt"/>
        <line num="12" count="8" type="cond" truecount="2" falsecount="0"/>
        <line num="15" count="8" type="stmt"/>
        <line num="17" count="8" type="stmt"/>
      </file>
      <file name="UserMenu.js" path="/Users/linuschan/Desktop/CS4218/cs4218-2420-ecom-project-team04-1/client/src/components/UserMenu.js">
        <metrics statements="2" coveredstatements="2" conditionals="0" coveredconditionals="0" methods="1" coveredmethods="1"/>
        <line num="3" count="1" type="stmt"/>
        <line num="4" count="3" type="stmt"/>
      </file>
    </package>
    <package name="components.Form">
      <metrics statements="3" coveredstatements="3" conditionals="0" coveredconditionals="0" methods="2" coveredmethods="2"/>
      <file name="CategoryForm.js" path="/Users/linuschan/Desktop/CS4218/cs4218-2420-ecom-project-team04-1/client/src/components/Form/CategoryForm.js">
        <metrics statements="3" coveredstatements="3" conditionals="0" coveredconditionals="0" methods="2" coveredmethods="2"/>
        <line num="3" count="1" type="stmt"/>
        <line num="4" count="3" type="stmt"/>
        <line num="13" count="1" type="stmt"/>
      </file>
    </package>
  </project>
</coverage>
