<?xml version="1.0" encoding="UTF-8"?>
<coverage generated="1739596462681" clover="3.2.0">
  <project timestamp="1739596462681" name="All files">
    <metrics statements="10" coveredstatements="10" conditionals="4" coveredconditionals="3" methods="3" coveredmethods="3" elements="17" coveredelements="16" complexity="0" loc="10" ncloc="10" packages="1" files="1" classes="1"/>
    <file name="Header.js" path="/Users/linuschan/Desktop/CS4218/cs4218-2420-ecom-project-team04-1/client/src/components/Header.js">
      <metrics statements="10" coveredstatements="10" conditionals="4" coveredconditionals="3" methods="3" coveredmethods="3"/>
      <line num="10" count="1" type="stmt"/>
      <line num="11" count="6" type="stmt"/>
      <line num="12" count="6" type="stmt"/>
      <line num="13" count="6" type="stmt"/>
      <line num="14" count="6" type="stmt"/>
      <line num="15" count="1" type="stmt"/>
      <line num="20" count="1" type="stmt"/>
      <line num="21" count="1" type="stmt"/>
      <line num="23" count="6" type="stmt"/>
      <line num="64" count="6" type="stmt"/>
    </file>
  </project>
</coverage>
