{"/Users/linuschan/Desktop/CS4218/cs4218-2420-ecom-project-team04-1/client/src/pages/Auth/Login.js": {"path":"/Users/linuschan/Desktop/CS4218/cs4218-2420-ecom-project-team04-1/client/src/pages/Auth/Login.js","statementMap":{"0":{"start":{"line":9,"column":14},"end":{"line":99,"column":1}},"1":{"start":{"line":10,"column":28},"end":{"line":10,"column":40}},"2":{"start":{"line":11,"column":34},"end":{"line":11,"column":46}},"3":{"start":{"line":12,"column":26},"end":{"line":12,"column":35}},"4":{"start":{"line":15,"column":19},"end":{"line":15,"column":32}},"5":{"start":{"line":16,"column":19},"end":{"line":16,"column":32}},"6":{"start":{"line":20,"column":23},"end":{"line":50,"column":3}},"7":{"start":{"line":21,"column":4},"end":{"line":21,"column":23}},"8":{"start":{"line":22,"column":4},"end":{"line":49,"column":5}},"9":{"start":{"line":23,"column":18},"end":{"line":26,"column":8}},"10":{"start":{"line":27,"column":6},"end":{"line":45,"column":7}},"11":{"start":{"line":28,"column":8},"end":{"line":35,"column":13}},"12":{"start":{"line":36,"column":8},"end":{"line":40,"column":11}},"13":{"start":{"line":41,"column":8},"end":{"line":41,"column":63}},"14":{"start":{"line":42,"column":8},"end":{"line":42,"column":40}},"15":{"start":{"line":44,"column":8},"end":{"line":44,"column":38}},"16":{"start":{"line":47,"column":6},"end":{"line":47,"column":25}},"17":{"start":{"line":48,"column":6},"end":{"line":48,"column":42}},"18":{"start":{"line":51,"column":2},"end":{"line":98,"column":4}},"19":{"start":{"line":62,"column":31},"end":{"line":62,"column":55}},"20":{"start":{"line":73,"column":31},"end":{"line":73,"column":58}},"21":{"start":{"line":85,"column":16},"end":{"line":85,"column":45}}},"fnMap":{"0":{"name":"(anonymous_0)","decl":{"start":{"line":9,"column":14},"end":{"line":9,"column":15}},"loc":{"start":{"line":9,"column":20},"end":{"line":99,"column":1}},"line":9},"1":{"name":"(anonymous_1)","decl":{"start":{"line":20,"column":23},"end":{"line":20,"column":24}},"loc":{"start":{"line":20,"column":36},"end":{"line":50,"column":3}},"line":20},"2":{"name":"(anonymous_2)","decl":{"start":{"line":62,"column":24},"end":{"line":62,"column":25}},"loc":{"start":{"line":62,"column":31},"end":{"line":62,"column":55}},"line":62},"3":{"name":"(anonymous_3)","decl":{"start":{"line":73,"column":24},"end":{"line":73,"column":25}},"loc":{"start":{"line":73,"column":31},"end":{"line":73,"column":58}},"line":73},"4":{"name":"(anonymous_4)","decl":{"start":{"line":84,"column":23},"end":{"line":84,"column":24}},"loc":{"start":{"line":84,"column":29},"end":{"line":86,"column":15}},"line":84}},"branchMap":{"0":{"loc":{"start":{"line":27,"column":6},"end":{"line":45,"column":7}},"type":"if","locations":[{"start":{"line":27,"column":6},"end":{"line":45,"column":7}},{"start":{"line":43,"column":13},"end":{"line":45,"column":7}}],"line":27},"1":{"loc":{"start":{"line":27,"column":10},"end":{"line":27,"column":33}},"type":"binary-expr","locations":[{"start":{"line":27,"column":10},"end":{"line":27,"column":13}},{"start":{"line":27,"column":17},"end":{"line":27,"column":33}}],"line":27},"2":{"loc":{"start":{"line":28,"column":22},"end":{"line":28,"column":50}},"type":"binary-expr","locations":[{"start":{"line":28,"column":22},"end":{"line":28,"column":30}},{"start":{"line":28,"column":34},"end":{"line":28,"column":50}}],"line":28},"3":{"loc":{"start":{"line":42,"column":17},"end":{"line":42,"column":38}},"type":"binary-expr","locations":[{"start":{"line":42,"column":17},"end":{"line":42,"column":31}},{"start":{"line":42,"column":35},"end":{"line":42,"column":38}}],"line":42}},"s":{"0":0,"1":0,"2":0,"3":0,"4":0,"5":0,"6":0,"7":0,"8":0,"9":0,"10":0,"11":0,"12":0,"13":0,"14":0,"15":0,"16":0,"17":0,"18":0,"19":0,"20":0,"21":0},"f":{"0":0,"1":0,"2":0,"3":0,"4":0},"b":{"0":[0,0],"1":[0,0],"2":[0,0],"3":[0,0]}}
,"/Users/linuschan/Desktop/CS4218/cs4218-2420-ecom-project-team04-1/client/src/pages/Auth/Login.test.js": {"path":"/Users/linuschan/Desktop/CS4218/cs4218-2420-ecom-project-team04-1/client/src/pages/Auth/Login.test.js","statementMap":{"0":{"start":{"line":10,"column":0},"end":{"line":10,"column":19}},"1":{"start":{"line":11,"column":0},"end":{"line":11,"column":29}},"2":{"start":{"line":13,"column":0},"end":{"line":15,"column":4}},"3":{"start":{"line":13,"column":39},"end":{"line":15,"column":1}},"4":{"start":{"line":14,"column":25},"end":{"line":14,"column":42}},"5":{"start":{"line":17,"column":0},"end":{"line":19,"column":4}},"6":{"start":{"line":17,"column":39},"end":{"line":19,"column":1}},"7":{"start":{"line":18,"column":25},"end":{"line":18,"column":42}},"8":{"start":{"line":21,"column":0},"end":{"line":23,"column":4}},"9":{"start":{"line":21,"column":41},"end":{"line":23,"column":1}},"10":{"start":{"line":22,"column":27},"end":{"line":22,"column":55}},"11":{"start":{"line":25,"column":0},"end":{"line":25,"column":62}},"12":{"start":{"line":25,"column":43},"end":{"line":25,"column":60}},"13":{"start":{"line":25,"column":57},"end":{"line":25,"column":59}},"14":{"start":{"line":27,"column":0},"end":{"line":34,"column":3}},"15":{"start":{"line":36,"column":0},"end":{"line":44,"column":4}},"16":{"start":{"line":39,"column":4},"end":{"line":43,"column":6}},"17":{"start":{"line":46,"column":0},"end":{"line":158,"column":3}},"18":{"start":{"line":47,"column":2},"end":{"line":49,"column":5}},"19":{"start":{"line":48,"column":4},"end":{"line":48,"column":25}},"20":{"start":{"line":51,"column":2},"end":{"line":63,"column":5}},"21":{"start":{"line":52,"column":48},"end":{"line":58,"column":5}},"22":{"start":{"line":60,"column":4},"end":{"line":60,"column":56}},"23":{"start":{"line":61,"column":4},"end":{"line":61,"column":73}},"24":{"start":{"line":62,"column":4},"end":{"line":62,"column":76}},"25":{"start":{"line":64,"column":2},"end":{"line":76,"column":5}},"26":{"start":{"line":65,"column":48},"end":{"line":71,"column":5}},"27":{"start":{"line":73,"column":4},"end":{"line":73,"column":56}},"28":{"start":{"line":74,"column":4},"end":{"line":74,"column":68}},"29":{"start":{"line":75,"column":4},"end":{"line":75,"column":71}},"30":{"start":{"line":78,"column":2},"end":{"line":98,"column":5}},"31":{"start":{"line":79,"column":48},"end":{"line":85,"column":5}},"32":{"start":{"line":86,"column":4},"end":{"line":88,"column":7}},"33":{"start":{"line":89,"column":4},"end":{"line":91,"column":7}},"34":{"start":{"line":92,"column":4},"end":{"line":94,"column":6}},"35":{"start":{"line":95,"column":4},"end":{"line":97,"column":6}},"36":{"start":{"line":100,"column":2},"end":{"line":134,"column":5}},"37":{"start":{"line":101,"column":4},"end":{"line":107,"column":7}},"38":{"start":{"line":109,"column":48},"end":{"line":115,"column":5}},"39":{"start":{"line":117,"column":4},"end":{"line":119,"column":7}},"40":{"start":{"line":120,"column":4},"end":{"line":122,"column":7}},"41":{"start":{"line":123,"column":4},"end":{"line":123,"column":40}},"42":{"start":{"line":125,"column":4},"end":{"line":125,"column":63}},"43":{"start":{"line":125,"column":24},"end":{"line":125,"column":61}},"44":{"start":{"line":126,"column":4},"end":{"line":133,"column":7}},"45":{"start":{"line":136,"column":2},"end":{"line":157,"column":5}},"46":{"start":{"line":137,"column":4},"end":{"line":137,"column":73}},"47":{"start":{"line":139,"column":48},"end":{"line":145,"column":5}},"48":{"start":{"line":147,"column":4},"end":{"line":149,"column":7}},"49":{"start":{"line":150,"column":4},"end":{"line":152,"column":7}},"50":{"start":{"line":153,"column":4},"end":{"line":153,"column":40}},"51":{"start":{"line":155,"column":4},"end":{"line":155,"column":63}},"52":{"start":{"line":155,"column":24},"end":{"line":155,"column":61}},"53":{"start":{"line":156,"column":4},"end":{"line":156,"column":69}}},"fnMap":{"0":{"name":"(anonymous_0)","decl":{"start":{"line":13,"column":32},"end":{"line":13,"column":33}},"loc":{"start":{"line":13,"column":39},"end":{"line":15,"column":1}},"line":13},"1":{"name":"(anonymous_1)","decl":{"start":{"line":14,"column":19},"end":{"line":14,"column":20}},"loc":{"start":{"line":14,"column":25},"end":{"line":14,"column":42}},"line":14},"2":{"name":"(anonymous_2)","decl":{"start":{"line":17,"column":32},"end":{"line":17,"column":33}},"loc":{"start":{"line":17,"column":39},"end":{"line":19,"column":1}},"line":17},"3":{"name":"(anonymous_3)","decl":{"start":{"line":18,"column":19},"end":{"line":18,"column":20}},"loc":{"start":{"line":18,"column":25},"end":{"line":18,"column":42}},"line":18},"4":{"name":"(anonymous_4)","decl":{"start":{"line":21,"column":34},"end":{"line":21,"column":35}},"loc":{"start":{"line":21,"column":41},"end":{"line":23,"column":1}},"line":21},"5":{"name":"(anonymous_5)","decl":{"start":{"line":22,"column":21},"end":{"line":22,"column":22}},"loc":{"start":{"line":22,"column":27},"end":{"line":22,"column":55}},"line":22},"6":{"name":"(anonymous_6)","decl":{"start":{"line":25,"column":37},"end":{"line":25,"column":38}},"loc":{"start":{"line":25,"column":43},"end":{"line":25,"column":60}},"line":25},"7":{"name":"(anonymous_7)","decl":{"start":{"line":25,"column":51},"end":{"line":25,"column":52}},"loc":{"start":{"line":25,"column":57},"end":{"line":25,"column":59}},"line":25},"8":{"name":"(anonymous_8)","decl":{"start":{"line":38,"column":2},"end":{"line":38,"column":3}},"loc":{"start":{"line":38,"column":14},"end":{"line":44,"column":3}},"line":38},"9":{"name":"(anonymous_9)","decl":{"start":{"line":41,"column":19},"end":{"line":41,"column":20}},"loc":{"start":{"line":41,"column":31},"end":{"line":41,"column":33}},"line":41},"10":{"name":"(anonymous_10)","decl":{"start":{"line":42,"column":22},"end":{"line":42,"column":23}},"loc":{"start":{"line":42,"column":34},"end":{"line":42,"column":36}},"line":42},"11":{"name":"(anonymous_11)","decl":{"start":{"line":46,"column":28},"end":{"line":46,"column":29}},"loc":{"start":{"line":46,"column":34},"end":{"line":158,"column":1}},"line":46},"12":{"name":"(anonymous_12)","decl":{"start":{"line":47,"column":13},"end":{"line":47,"column":14}},"loc":{"start":{"line":47,"column":19},"end":{"line":49,"column":3}},"line":47},"13":{"name":"(anonymous_13)","decl":{"start":{"line":51,"column":27},"end":{"line":51,"column":28}},"loc":{"start":{"line":51,"column":33},"end":{"line":63,"column":3}},"line":51},"14":{"name":"(anonymous_14)","decl":{"start":{"line":64,"column":41},"end":{"line":64,"column":42}},"loc":{"start":{"line":64,"column":47},"end":{"line":76,"column":3}},"line":64},"15":{"name":"(anonymous_15)","decl":{"start":{"line":78,"column":47},"end":{"line":78,"column":48}},"loc":{"start":{"line":78,"column":53},"end":{"line":98,"column":3}},"line":78},"16":{"name":"(anonymous_16)","decl":{"start":{"line":100,"column":43},"end":{"line":100,"column":44}},"loc":{"start":{"line":100,"column":55},"end":{"line":134,"column":3}},"line":100},"17":{"name":"(anonymous_17)","decl":{"start":{"line":125,"column":18},"end":{"line":125,"column":19}},"loc":{"start":{"line":125,"column":24},"end":{"line":125,"column":61}},"line":125},"18":{"name":"(anonymous_18)","decl":{"start":{"line":136,"column":53},"end":{"line":136,"column":54}},"loc":{"start":{"line":136,"column":65},"end":{"line":157,"column":3}},"line":136},"19":{"name":"(anonymous_19)","decl":{"start":{"line":155,"column":18},"end":{"line":155,"column":19}},"loc":{"start":{"line":155,"column":24},"end":{"line":155,"column":61}},"line":155}},"branchMap":{"0":{"loc":{"start":{"line":37,"column":2},"end":{"line":44,"column":3}},"type":"binary-expr","locations":[{"start":{"line":37,"column":2},"end":{"line":37,"column":19}},{"start":{"line":38,"column":2},"end":{"line":44,"column":3}}],"line":37}},"s":{"0":0,"1":0,"2":0,"3":0,"4":0,"5":0,"6":0,"7":0,"8":0,"9":0,"10":0,"11":0,"12":0,"13":0,"14":0,"15":0,"16":0,"17":0,"18":0,"19":0,"20":0,"21":0,"22":0,"23":0,"24":0,"25":0,"26":0,"27":0,"28":0,"29":0,"30":0,"31":0,"32":0,"33":0,"34":0,"35":0,"36":0,"37":0,"38":0,"39":0,"40":0,"41":0,"42":0,"43":0,"44":0,"45":0,"46":0,"47":0,"48":0,"49":0,"50":0,"51":0,"52":0,"53":0},"f":{"0":0,"1":0,"2":0,"3":0,"4":0,"5":0,"6":0,"7":0,"8":0,"9":0,"10":0,"11":0,"12":0,"13":0,"14":0,"15":0,"16":0,"17":0,"18":0,"19":0},"b":{"0":[0,0]}}
,"/Users/linuschan/Desktop/CS4218/cs4218-2420-ecom-project-team04-1/client/src/pages/Auth/Register.js": {"path":"/Users/linuschan/Desktop/CS4218/cs4218-2420-ecom-project-team04-1/client/src/pages/Auth/Register.js","statementMap":{"0":{"start":{"line":7,"column":17},"end":{"line":132,"column":1}},"1":{"start":{"line":8,"column":26},"end":{"line":8,"column":38}},"2":{"start":{"line":9,"column":28},"end":{"line":9,"column":40}},"3":{"start":{"line":10,"column":34},"end":{"line":10,"column":46}},"4":{"start":{"line":11,"column":28},"end":{"line":11,"column":40}},"5":{"start":{"line":12,"column":32},"end":{"line":12,"column":44}},"6":{"start":{"line":13,"column":24},"end":{"line":13,"column":36}},"7":{"start":{"line":14,"column":30},"end":{"line":14,"column":42}},"8":{"start":{"line":15,"column":19},"end":{"line":15,"column":32}},"9":{"start":{"line":18,"column":23},"end":{"line":40,"column":3}},"10":{"start":{"line":19,"column":4},"end":{"line":19,"column":23}},"11":{"start":{"line":20,"column":4},"end":{"line":39,"column":5}},"12":{"start":{"line":21,"column":18},"end":{"line":29,"column":8}},"13":{"start":{"line":30,"column":6},"end":{"line":35,"column":7}},"14":{"start":{"line":31,"column":8},"end":{"line":31,"column":61}},"15":{"start":{"line":32,"column":8},"end":{"line":32,"column":27}},"16":{"start":{"line":34,"column":8},"end":{"line":34,"column":38}},"17":{"start":{"line":37,"column":6},"end":{"line":37,"column":25}},"18":{"start":{"line":38,"column":6},"end":{"line":38,"column":42}},"19":{"start":{"line":42,"column":2},"end":{"line":131,"column":4}},"20":{"start":{"line":51,"column":31},"end":{"line":51,"column":54}},"21":{"start":{"line":63,"column":31},"end":{"line":63,"column":55}},"22":{"start":{"line":74,"column":31},"end":{"line":74,"column":58}},"23":{"start":{"line":85,"column":31},"end":{"line":85,"column":55}},"24":{"start":{"line":96,"column":31},"end":{"line":96,"column":57}},"25":{"start":{"line":107,"column":31},"end":{"line":107,"column":53}},"26":{"start":{"line":118,"column":31},"end":{"line":118,"column":56}}},"fnMap":{"0":{"name":"(anonymous_0)","decl":{"start":{"line":7,"column":17},"end":{"line":7,"column":18}},"loc":{"start":{"line":7,"column":23},"end":{"line":132,"column":1}},"line":7},"1":{"name":"(anonymous_1)","decl":{"start":{"line":18,"column":23},"end":{"line":18,"column":24}},"loc":{"start":{"line":18,"column":36},"end":{"line":40,"column":3}},"line":18},"2":{"name":"(anonymous_2)","decl":{"start":{"line":51,"column":24},"end":{"line":51,"column":25}},"loc":{"start":{"line":51,"column":31},"end":{"line":51,"column":54}},"line":51},"3":{"name":"(anonymous_3)","decl":{"start":{"line":63,"column":24},"end":{"line":63,"column":25}},"loc":{"start":{"line":63,"column":31},"end":{"line":63,"column":55}},"line":63},"4":{"name":"(anonymous_4)","decl":{"start":{"line":74,"column":24},"end":{"line":74,"column":25}},"loc":{"start":{"line":74,"column":31},"end":{"line":74,"column":58}},"line":74},"5":{"name":"(anonymous_5)","decl":{"start":{"line":85,"column":24},"end":{"line":85,"column":25}},"loc":{"start":{"line":85,"column":31},"end":{"line":85,"column":55}},"line":85},"6":{"name":"(anonymous_6)","decl":{"start":{"line":96,"column":24},"end":{"line":96,"column":25}},"loc":{"start":{"line":96,"column":31},"end":{"line":96,"column":57}},"line":96},"7":{"name":"(anonymous_7)","decl":{"start":{"line":107,"column":24},"end":{"line":107,"column":25}},"loc":{"start":{"line":107,"column":31},"end":{"line":107,"column":53}},"line":107},"8":{"name":"(anonymous_8)","decl":{"start":{"line":118,"column":24},"end":{"line":118,"column":25}},"loc":{"start":{"line":118,"column":31},"end":{"line":118,"column":56}},"line":118}},"branchMap":{"0":{"loc":{"start":{"line":30,"column":6},"end":{"line":35,"column":7}},"type":"if","locations":[{"start":{"line":30,"column":6},"end":{"line":35,"column":7}},{"start":{"line":33,"column":13},"end":{"line":35,"column":7}}],"line":30},"1":{"loc":{"start":{"line":30,"column":10},"end":{"line":30,"column":33}},"type":"binary-expr","locations":[{"start":{"line":30,"column":10},"end":{"line":30,"column":13}},{"start":{"line":30,"column":17},"end":{"line":30,"column":33}}],"line":30}},"s":{"0":0,"1":0,"2":0,"3":0,"4":0,"5":0,"6":0,"7":0,"8":0,"9":0,"10":0,"11":0,"12":0,"13":0,"14":0,"15":0,"16":0,"17":0,"18":0,"19":0,"20":0,"21":0,"22":0,"23":0,"24":0,"25":0,"26":0},"f":{"0":0,"1":0,"2":0,"3":0,"4":0,"5":0,"6":0,"7":0,"8":0},"b":{"0":[0,0],"1":[0,0]}}
,"/Users/linuschan/Desktop/CS4218/cs4218-2420-ecom-project-team04-1/client/src/pages/Auth/Register.test.js": {"path":"/Users/linuschan/Desktop/CS4218/cs4218-2420-ecom-project-team04-1/client/src/pages/Auth/Register.test.js","statementMap":{"0":{"start":{"line":10,"column":0},"end":{"line":10,"column":19}},"1":{"start":{"line":11,"column":0},"end":{"line":11,"column":29}},"2":{"start":{"line":13,"column":0},"end":{"line":15,"column":4}},"3":{"start":{"line":13,"column":39},"end":{"line":15,"column":1}},"4":{"start":{"line":14,"column":25},"end":{"line":14,"column":42}},"5":{"start":{"line":17,"column":0},"end":{"line":19,"column":4}},"6":{"start":{"line":17,"column":39},"end":{"line":19,"column":1}},"7":{"start":{"line":18,"column":25},"end":{"line":18,"column":42}},"8":{"start":{"line":21,"column":0},"end":{"line":23,"column":4}},"9":{"start":{"line":21,"column":41},"end":{"line":23,"column":1}},"10":{"start":{"line":22,"column":27},"end":{"line":22,"column":55}},"11":{"start":{"line":25,"column":0},"end":{"line":25,"column":62}},"12":{"start":{"line":25,"column":43},"end":{"line":25,"column":60}},"13":{"start":{"line":25,"column":57},"end":{"line":25,"column":59}},"14":{"start":{"line":47,"column":0},"end":{"line":131,"column":3}},"15":{"start":{"line":48,"column":2},"end":{"line":50,"column":5}},"16":{"start":{"line":49,"column":4},"end":{"line":49,"column":25}},"17":{"start":{"line":52,"column":2},"end":{"line":91,"column":5}},"18":{"start":{"line":53,"column":4},"end":{"line":53,"column":66}},"19":{"start":{"line":55,"column":48},"end":{"line":61,"column":5}},"20":{"start":{"line":63,"column":4},"end":{"line":65,"column":7}},"21":{"start":{"line":66,"column":4},"end":{"line":68,"column":7}},"22":{"start":{"line":69,"column":4},"end":{"line":71,"column":7}},"23":{"start":{"line":72,"column":4},"end":{"line":74,"column":7}},"24":{"start":{"line":75,"column":4},"end":{"line":77,"column":7}},"25":{"start":{"line":78,"column":4},"end":{"line":80,"column":7}},"26":{"start":{"line":81,"column":4},"end":{"line":83,"column":7}},"27":{"start":{"line":85,"column":4},"end":{"line":85,"column":43}},"28":{"start":{"line":87,"column":4},"end":{"line":87,"column":63}},"29":{"start":{"line":87,"column":24},"end":{"line":87,"column":61}},"30":{"start":{"line":88,"column":4},"end":{"line":90,"column":6}},"31":{"start":{"line":93,"column":2},"end":{"line":130,"column":5}},"32":{"start":{"line":94,"column":4},"end":{"line":94,"column":73}},"33":{"start":{"line":96,"column":48},"end":{"line":102,"column":5}},"34":{"start":{"line":104,"column":4},"end":{"line":106,"column":7}},"35":{"start":{"line":107,"column":4},"end":{"line":109,"column":7}},"36":{"start":{"line":110,"column":4},"end":{"line":112,"column":7}},"37":{"start":{"line":113,"column":4},"end":{"line":115,"column":7}},"38":{"start":{"line":116,"column":4},"end":{"line":118,"column":7}},"39":{"start":{"line":119,"column":4},"end":{"line":121,"column":7}},"40":{"start":{"line":122,"column":4},"end":{"line":124,"column":7}},"41":{"start":{"line":126,"column":4},"end":{"line":126,"column":43}},"42":{"start":{"line":128,"column":4},"end":{"line":128,"column":63}},"43":{"start":{"line":128,"column":24},"end":{"line":128,"column":61}},"44":{"start":{"line":129,"column":4},"end":{"line":129,"column":69}}},"fnMap":{"0":{"name":"(anonymous_0)","decl":{"start":{"line":13,"column":32},"end":{"line":13,"column":33}},"loc":{"start":{"line":13,"column":39},"end":{"line":15,"column":1}},"line":13},"1":{"name":"(anonymous_1)","decl":{"start":{"line":14,"column":19},"end":{"line":14,"column":20}},"loc":{"start":{"line":14,"column":25},"end":{"line":14,"column":42}},"line":14},"2":{"name":"(anonymous_2)","decl":{"start":{"line":17,"column":32},"end":{"line":17,"column":33}},"loc":{"start":{"line":17,"column":39},"end":{"line":19,"column":1}},"line":17},"3":{"name":"(anonymous_3)","decl":{"start":{"line":18,"column":19},"end":{"line":18,"column":20}},"loc":{"start":{"line":18,"column":25},"end":{"line":18,"column":42}},"line":18},"4":{"name":"(anonymous_4)","decl":{"start":{"line":21,"column":34},"end":{"line":21,"column":35}},"loc":{"start":{"line":21,"column":41},"end":{"line":23,"column":1}},"line":21},"5":{"name":"(anonymous_5)","decl":{"start":{"line":22,"column":21},"end":{"line":22,"column":22}},"loc":{"start":{"line":22,"column":27},"end":{"line":22,"column":55}},"line":22},"6":{"name":"(anonymous_6)","decl":{"start":{"line":25,"column":37},"end":{"line":25,"column":38}},"loc":{"start":{"line":25,"column":43},"end":{"line":25,"column":60}},"line":25},"7":{"name":"(anonymous_7)","decl":{"start":{"line":25,"column":51},"end":{"line":25,"column":52}},"loc":{"start":{"line":25,"column":57},"end":{"line":25,"column":59}},"line":25},"8":{"name":"(anonymous_8)","decl":{"start":{"line":47,"column":31},"end":{"line":47,"column":32}},"loc":{"start":{"line":47,"column":37},"end":{"line":131,"column":1}},"line":47},"9":{"name":"(anonymous_9)","decl":{"start":{"line":48,"column":13},"end":{"line":48,"column":14}},"loc":{"start":{"line":48,"column":19},"end":{"line":50,"column":3}},"line":48},"10":{"name":"(anonymous_10)","decl":{"start":{"line":52,"column":46},"end":{"line":52,"column":47}},"loc":{"start":{"line":52,"column":58},"end":{"line":91,"column":3}},"line":52},"11":{"name":"(anonymous_11)","decl":{"start":{"line":87,"column":18},"end":{"line":87,"column":19}},"loc":{"start":{"line":87,"column":24},"end":{"line":87,"column":61}},"line":87},"12":{"name":"(anonymous_12)","decl":{"start":{"line":93,"column":60},"end":{"line":93,"column":61}},"loc":{"start":{"line":93,"column":72},"end":{"line":130,"column":3}},"line":93},"13":{"name":"(anonymous_13)","decl":{"start":{"line":128,"column":18},"end":{"line":128,"column":19}},"loc":{"start":{"line":128,"column":24},"end":{"line":128,"column":61}},"line":128}},"branchMap":{},"s":{"0":0,"1":0,"2":0,"3":0,"4":0,"5":0,"6":0,"7":0,"8":0,"9":0,"10":0,"11":0,"12":0,"13":0,"14":0,"15":0,"16":0,"17":0,"18":0,"19":0,"20":0,"21":0,"22":0,"23":0,"24":0,"25":0,"26":0,"27":0,"28":0,"29":0,"30":0,"31":0,"32":0,"33":0,"34":0,"35":0,"36":0,"37":0,"38":0,"39":0,"40":0,"41":0,"42":0,"43":0,"44":0},"f":{"0":0,"1":0,"2":0,"3":0,"4":0,"5":0,"6":0,"7":0,"8":0,"9":0,"10":0,"11":0,"12":0,"13":0},"b":{}}
}
