TN:
SF:client/src/components/Footer.js
FN:4,(anonymous_0)
FNF:1
FNH:1
FNDA:3,(anonymous_0)
DA:4,1
DA:5,3
LF:2
LH:2
BRF:0
BRH:0
end_of_record
TN:
SF:client/src/components/Header.js
FN:10,(anonymous_0)
FN:14,(anonymous_1)
FN:63,(anonymous_2)
FNF:3
FNH:3
FNDA:10,(anonymous_0)
FNDA:1,(anonymous_1)
FNDA:10,(anonymous_2)
DA:10,1
DA:11,10
DA:12,10
DA:13,10
DA:14,10
DA:15,1
DA:20,1
DA:21,1
DA:23,10
DA:64,10
LF:10
LH:10
BRDA:76,0,0,2
BRDA:76,0,1,8
BRDA:105,1,0,2
BRDA:105,1,1,6
BRF:4
BRH:4
end_of_record
TN:
SF:client/src/components/Layout.js
FN:8,(anonymous_0)
FNF:1
FNH:1
FNDA:3,(anonymous_0)
DA:8,1
DA:9,3
DA:28,1
LF:3
LH:3
BRF:0
BRH:0
end_of_record
