TN:
SF:client/src/pages/Auth/Login.js
FN:9,(anonymous_0)
FN:20,(anonymous_1)
FN:62,(anonymous_2)
FN:73,(anonymous_3)
FN:84,(anonymous_4)
FNF:5
FNH:0
FNDA:0,(anonymous_0)
FNDA:0,(anonymous_1)
FNDA:0,(anonymous_2)
FNDA:0,(anonymous_3)
FNDA:0,(anonymous_4)
DA:9,0
DA:10,0
DA:11,0
DA:12,0
DA:15,0
DA:16,0
DA:20,0
DA:21,0
DA:22,0
DA:23,0
DA:27,0
DA:28,0
DA:36,0
DA:41,0
DA:42,0
DA:44,0
DA:47,0
DA:48,0
DA:51,0
DA:62,0
DA:73,0
DA:85,0
LF:22
LH:0
BRDA:27,0,0,0
BRDA:27,0,1,0
BRDA:27,1,0,0
BRDA:27,1,1,0
BRDA:28,2,0,0
BRDA:28,2,1,0
BRDA:42,3,0,0
BRDA:42,3,1,0
BRF:8
BRH:0
end_of_record
TN:
SF:client/src/pages/Auth/Login.test.js
FN:13,(anonymous_0)
FN:14,(anonymous_1)
FN:17,(anonymous_2)
FN:18,(anonymous_3)
FN:21,(anonymous_4)
FN:22,(anonymous_5)
FN:25,(anonymous_6)
FN:25,(anonymous_7)
FN:38,(anonymous_8)
FN:41,(anonymous_9)
FN:42,(anonymous_10)
FN:46,(anonymous_11)
FN:47,(anonymous_12)
FN:51,(anonymous_13)
FN:64,(anonymous_14)
FN:78,(anonymous_15)
FN:100,(anonymous_16)
FN:125,(anonymous_17)
FN:136,(anonymous_18)
FN:155,(anonymous_19)
FNF:20
FNH:0
FNDA:0,(anonymous_0)
FNDA:0,(anonymous_1)
FNDA:0,(anonymous_2)
FNDA:0,(anonymous_3)
FNDA:0,(anonymous_4)
FNDA:0,(anonymous_5)
FNDA:0,(anonymous_6)
FNDA:0,(anonymous_7)
FNDA:0,(anonymous_8)
FNDA:0,(anonymous_9)
FNDA:0,(anonymous_10)
FNDA:0,(anonymous_11)
FNDA:0,(anonymous_12)
FNDA:0,(anonymous_13)
FNDA:0,(anonymous_14)
FNDA:0,(anonymous_15)
FNDA:0,(anonymous_16)
FNDA:0,(anonymous_17)
FNDA:0,(anonymous_18)
FNDA:0,(anonymous_19)
DA:10,0
DA:11,0
DA:13,0
DA:14,0
DA:17,0
DA:18,0
DA:21,0
DA:22,0
DA:25,0
DA:27,0
DA:36,0
DA:39,0
DA:46,0
DA:47,0
DA:48,0
DA:51,0
DA:52,0
DA:60,0
DA:61,0
DA:62,0
DA:64,0
DA:65,0
DA:73,0
DA:74,0
DA:75,0
DA:78,0
DA:79,0
DA:86,0
DA:89,0
DA:92,0
DA:95,0
DA:100,0
DA:101,0
DA:109,0
DA:117,0
DA:120,0
DA:123,0
DA:125,0
DA:126,0
DA:136,0
DA:137,0
DA:139,0
DA:147,0
DA:150,0
DA:153,0
DA:155,0
DA:156,0
LF:47
LH:0
BRDA:37,0,0,0
BRDA:37,0,1,0
BRF:2
BRH:0
end_of_record
TN:
SF:client/src/pages/Auth/Register.js
FN:7,(anonymous_0)
FN:18,(anonymous_1)
FN:51,(anonymous_2)
FN:63,(anonymous_3)
FN:74,(anonymous_4)
FN:85,(anonymous_5)
FN:96,(anonymous_6)
FN:107,(anonymous_7)
FN:118,(anonymous_8)
FNF:9
FNH:0
FNDA:0,(anonymous_0)
FNDA:0,(anonymous_1)
FNDA:0,(anonymous_2)
FNDA:0,(anonymous_3)
FNDA:0,(anonymous_4)
FNDA:0,(anonymous_5)
FNDA:0,(anonymous_6)
FNDA:0,(anonymous_7)
FNDA:0,(anonymous_8)
DA:7,0
DA:8,0
DA:9,0
DA:10,0
DA:11,0
DA:12,0
DA:13,0
DA:14,0
DA:15,0
DA:18,0
DA:19,0
DA:20,0
DA:21,0
DA:30,0
DA:31,0
DA:32,0
DA:34,0
DA:37,0
DA:38,0
DA:42,0
DA:51,0
DA:63,0
DA:74,0
DA:85,0
DA:96,0
DA:107,0
DA:118,0
LF:27
LH:0
BRDA:30,0,0,0
BRDA:30,0,1,0
BRDA:30,1,0,0
BRDA:30,1,1,0
BRF:4
BRH:0
end_of_record
TN:
SF:client/src/pages/Auth/Register.test.js
FN:13,(anonymous_0)
FN:14,(anonymous_1)
FN:17,(anonymous_2)
FN:18,(anonymous_3)
FN:21,(anonymous_4)
FN:22,(anonymous_5)
FN:25,(anonymous_6)
FN:25,(anonymous_7)
FN:47,(anonymous_8)
FN:48,(anonymous_9)
FN:52,(anonymous_10)
FN:87,(anonymous_11)
FN:93,(anonymous_12)
FN:128,(anonymous_13)
FNF:14
FNH:0
FNDA:0,(anonymous_0)
FNDA:0,(anonymous_1)
FNDA:0,(anonymous_2)
FNDA:0,(anonymous_3)
FNDA:0,(anonymous_4)
FNDA:0,(anonymous_5)
FNDA:0,(anonymous_6)
FNDA:0,(anonymous_7)
FNDA:0,(anonymous_8)
FNDA:0,(anonymous_9)
FNDA:0,(anonymous_10)
FNDA:0,(anonymous_11)
FNDA:0,(anonymous_12)
FNDA:0,(anonymous_13)
DA:10,0
DA:11,0
DA:13,0
DA:14,0
DA:17,0
DA:18,0
DA:21,0
DA:22,0
DA:25,0
DA:47,0
DA:48,0
DA:49,0
DA:52,0
DA:53,0
DA:55,0
DA:63,0
DA:66,0
DA:69,0
DA:72,0
DA:75,0
DA:78,0
DA:81,0
DA:85,0
DA:87,0
DA:88,0
DA:93,0
DA:94,0
DA:96,0
DA:104,0
DA:107,0
DA:110,0
DA:113,0
DA:116,0
DA:119,0
DA:122,0
DA:126,0
DA:128,0
DA:129,0
LF:38
LH:0
BRF:0
BRH:0
end_of_record
